[12-Feb-2016 19:01:43 UTC] PHP Fatal error:  Uncaught exception 'PDOException' with message 'SQLSTATE[HY000] [1045] Access denied for user 'cyclepath'@'localhost' (using password: YES)' in /home/ubuntu/workspace/connectrockhill/vendor/doctrine/dbal/lib/Doctrine/DBAL/Driver/PDOConnection.php:43
Stack trace:
#0 /home/ubuntu/workspace/connectrockhill/vendor/doctrine/dbal/lib/Doctrine/DBAL/Driver/PDOConnection.php(43): PDO->__construct('mysql:host=127....', 'cyclepath', 'capstone', Array)
#1 /home/ubuntu/workspace/connectrockhill/vendor/doctrine/dbal/lib/Doctrine/DBAL/Driver/PDOMySql/Driver.php(45): Doctrine\DBAL\Driver\PDOConnection->__construct('mysql:host=127....', 'cyclepath', 'capstone', Array)
#2 /home/ubuntu/workspace/connectrockhill/vendor/doctrine/dbal/lib/Doctrine/DBAL/Connection.php(360): Doctrine\DBAL\Driver\PDOMySql\Driver->connect(Array, 'cyclepath', 'capstone', Array)
#3 /home/ubuntu/workspace/connectrockhill/vendor/doctrine/dbal/lib/Doctrine/DBAL/Connection.php(429): Doctrine\DBAL\Connection->connect()
#4 /home/ubuntu/workspace/connectrockhi in /home/ubuntu/workspace/connectrockhill/vendor/doctrine/dbal/lib/Doctrine/DBAL/Driver/AbstractMySQLDriver.php on line 103
[25-Mar-2016 14:41:23 UTC] PHP Parse error:  syntax error, unexpected ''File'' (T_CONSTANT_ENCAPSED_STRING), expecting '&' or variable (T_VARIABLE) in /home/ubuntu/workspace/rockhill/src/CRH/WebBundle/Entity/Trail.php on line 308
[25-Mar-2016 14:41:23 UTC] PHP Stack trace:
[25-Mar-2016 14:41:23 UTC] PHP   1. {main}() /home/ubuntu/workspace/rockhill/web/app_dev.php:0
[25-Mar-2016 14:41:23 UTC] PHP   2. Symfony\Component\HttpKernel\Kernel->handle($request = *uninitialized*, $type = *uninitialized*, $catch = *uninitialized*) /home/ubuntu/workspace/rockhill/web/app_dev.php:30
[25-Mar-2016 14:41:23 UTC] PHP   3. Symfony\Component\HttpKernel\DependencyInjection\ContainerAwareHttpKernel->handle($request = *uninitialized*, $type = *uninitialized*, $catch = *uninitialized*) /home/ubuntu/workspace/rockhill/vendor/symfony/symfony/src/Symfony/Component/HttpKernel/Kernel.php:185
[25-Mar-2016 14:41:23 UTC] PHP   4. Symfony\Component\HttpKernel\HttpKernel->handle($request = *uninitialized*, $type = *uninitialized*, $catch = *uninitialized*) /home/ubuntu/workspace/rockhill/vendor/symfony/symfony/src/Symfony/Component/HttpKernel/DependencyInjection/ContainerAwareHttpKernel.php:69
[25-Mar-2016 14:41:23 UTC] PHP   5. Symfony\Component\HttpKernel\HttpKernel->handleRaw($request = *uninitialized*, $type = *uninitialized*) /home/ubuntu/workspace/rockhill/vendor/symfony/symfony/src/Symfony/Component/HttpKernel/HttpKernel.php:62
[25-Mar-2016 14:41:23 UTC] PHP   6. call_user_func_array:{/home/ubuntu/workspace/rockhill/vendor/symfony/symfony/src/Symfony/Component/HttpKernel/HttpKernel.php:139}(*uninitialized*, *uninitialized*) /home/ubuntu/workspace/rockhill/vendor/symfony/symfony/src/Symfony/Component/HttpKernel/HttpKernel.php:139
[25-Mar-2016 14:41:23 UTC] PHP   7. CRH\WebBundle\Controller\TrailController->newAction($request = *uninitialized*) /home/ubuntu/workspace/rockhill/vendor/symfony/symfony/src/Symfony/Component/HttpKernel/HttpKernel.php:139
[25-Mar-2016 14:41:23 UTC] PHP   8. spl_autoload_call(*uninitialized*) /home/ubuntu/workspace/rockhill/vendor/symfony/symfony/src/Symfony/Component/HttpKernel/HttpKernel.php:44
[25-Mar-2016 14:41:23 UTC] PHP   9. Symfony\Component\Debug\DebugClassLoader->loadClass($class = *uninitialized*) /home/ubuntu/workspace/rockhill/vendor/symfony/symfony/src/Symfony/Component/HttpKernel/HttpKernel.php:44
[25-Mar-2016 14:42:29 UTC] PHP Parse error:  syntax error, unexpected ''File'' (T_CONSTANT_ENCAPSED_STRING), expecting '&' or variable (T_VARIABLE) in /home/ubuntu/workspace/rockhill/src/CRH/WebBundle/Entity/Trail.php on line 308
[25-Mar-2016 14:42:29 UTC] PHP Stack trace:
[25-Mar-2016 14:42:29 UTC] PHP   1. {main}() /home/ubuntu/workspace/rockhill/web/app_dev.php:0
[25-Mar-2016 14:42:29 UTC] PHP   2. Symfony\Component\HttpKernel\Kernel->handle($request = *uninitialized*, $type = *uninitialized*, $catch = *uninitialized*) /home/ubuntu/workspace/rockhill/web/app_dev.php:30
[25-Mar-2016 14:42:29 UTC] PHP   3. Symfony\Component\HttpKernel\DependencyInjection\ContainerAwareHttpKernel->handle($request = *uninitialized*, $type = *uninitialized*, $catch = *uninitialized*) /home/ubuntu/workspace/rockhill/vendor/symfony/symfony/src/Symfony/Component/HttpKernel/Kernel.php:185
[25-Mar-2016 14:42:29 UTC] PHP   4. Symfony\Component\HttpKernel\HttpKernel->handle($request = *uninitialized*, $type = *uninitialized*, $catch = *uninitialized*) /home/ubuntu/workspace/rockhill/vendor/symfony/symfony/src/Symfony/Component/HttpKernel/DependencyInjection/ContainerAwareHttpKernel.php:69
[25-Mar-2016 14:42:29 UTC] PHP   5. Symfony\Component\HttpKernel\HttpKernel->handleRaw($request = *uninitialized*, $type = *uninitialized*) /home/ubuntu/workspace/rockhill/vendor/symfony/symfony/src/Symfony/Component/HttpKernel/HttpKernel.php:62
[25-Mar-2016 14:42:29 UTC] PHP   6. call_user_func_array:{/home/ubuntu/workspace/rockhill/vendor/symfony/symfony/src/Symfony/Component/HttpKernel/HttpKernel.php:139}(*uninitialized*, *uninitialized*) /home/ubuntu/workspace/rockhill/vendor/symfony/symfony/src/Symfony/Component/HttpKernel/HttpKernel.php:139
[25-Mar-2016 14:42:29 UTC] PHP   7. CRH\WebBundle\Controller\TrailController->newAction($request = *uninitialized*) /home/ubuntu/workspace/rockhill/vendor/symfony/symfony/src/Symfony/Component/HttpKernel/HttpKernel.php:139
[25-Mar-2016 14:42:29 UTC] PHP   8. spl_autoload_call(*uninitialized*) /home/ubuntu/workspace/rockhill/vendor/symfony/symfony/src/Symfony/Component/HttpKernel/HttpKernel.php:44
[25-Mar-2016 14:42:29 UTC] PHP   9. Symfony\Component\Debug\DebugClassLoader->loadClass($class = *uninitialized*) /home/ubuntu/workspace/rockhill/vendor/symfony/symfony/src/Symfony/Component/HttpKernel/HttpKernel.php:44
[12-Apr-2016 17:10:51 UTC] PHP Fatal error:  Class 'CRH\WebBundle\Controller\Response' not found in /home/ubuntu/workspace/rockhill/src/CRH/WebBundle/Controller/AdminController.php on line 18
[12-Apr-2016 17:10:51 UTC] PHP Stack trace:
[12-Apr-2016 17:10:51 UTC] PHP   1. {main}() /home/ubuntu/workspace/rockhill/web/app_dev.php:0
[12-Apr-2016 17:10:51 UTC] PHP   2. Symfony\Component\HttpKernel\Kernel->handle($request = *uninitialized*, $type = *uninitialized*, $catch = *uninitialized*) /home/ubuntu/workspace/rockhill/web/app_dev.php:30
[12-Apr-2016 17:10:51 UTC] PHP   3. Symfony\Component\HttpKernel\DependencyInjection\ContainerAwareHttpKernel->handle($request = *uninitialized*, $type = *uninitialized*, $catch = *uninitialized*) /home/ubuntu/workspace/rockhill/vendor/symfony/symfony/src/Symfony/Component/HttpKernel/Kernel.php:185
[12-Apr-2016 17:10:51 UTC] PHP   4. Symfony\Component\HttpKernel\HttpKernel->handle($request = *uninitialized*, $type = *uninitialized*, $catch = *uninitialized*) /home/ubuntu/workspace/rockhill/vendor/symfony/symfony/src/Symfony/Component/HttpKernel/DependencyInjection/ContainerAwareHttpKernel.php:69
[12-Apr-2016 17:10:51 UTC] PHP   5. Symfony\Component\HttpKernel\HttpKernel->handleRaw($request = *uninitialized*, $type = *uninitialized*) /home/ubuntu/workspace/rockhill/vendor/symfony/symfony/src/Symfony/Component/HttpKernel/HttpKernel.php:62
[12-Apr-2016 17:10:51 UTC] PHP   6. call_user_func_array:{/home/ubuntu/workspace/rockhill/vendor/symfony/symfony/src/Symfony/Component/HttpKernel/HttpKernel.php:139}(*uninitialized*, *uninitialized*) /home/ubuntu/workspace/rockhill/vendor/symfony/symfony/src/Symfony/Component/HttpKernel/HttpKernel.php:139
[12-Apr-2016 17:10:51 UTC] PHP   7. CRH\WebBundle\Controller\AdminController->adminAction() /home/ubuntu/workspace/rockhill/vendor/symfony/symfony/src/Symfony/Component/HttpKernel/HttpKernel.php:139
[12-Apr-2016 17:15:27 UTC] PHP Fatal error:  Method CRH\WebBundle\Entity\POI_TYPE::__toString() must not throw an exception in /home/ubuntu/workspace/rockhill/vendor/symfony/symfony/src/Symfony/Bridge/Doctrine/Form/Type/DoctrineType.php on line 0
[12-Apr-2016 17:15:27 UTC] PHP Stack trace:
[12-Apr-2016 17:15:27 UTC] PHP   1. {main}() /home/ubuntu/workspace/rockhill/web/app_dev.php:0
[12-Apr-2016 17:15:27 UTC] PHP   2. Symfony\Component\HttpKernel\Kernel->handle($request = *uninitialized*, $type = *uninitialized*, $catch = *uninitialized*) /home/ubuntu/workspace/rockhill/web/app_dev.php:30
[12-Apr-2016 17:15:27 UTC] PHP   3. Symfony\Component\HttpKernel\DependencyInjection\ContainerAwareHttpKernel->handle($request = *uninitialized*, $type = *uninitialized*, $catch = *uninitialized*) /home/ubuntu/workspace/rockhill/vendor/symfony/symfony/src/Symfony/Component/HttpKernel/Kernel.php:185
[12-Apr-2016 17:15:27 UTC] PHP   4. Symfony\Component\HttpKernel\HttpKernel->handle($request = *uninitialized*, $type = *uninitialized*, $catch = *uninitialized*) /home/ubuntu/workspace/rockhill/vendor/symfony/symfony/src/Symfony/Component/HttpKernel/DependencyInjection/ContainerAwareHttpKernel.php:69
[12-Apr-2016 17:15:27 UTC] PHP   5. Symfony\Component\HttpKernel\HttpKernel->handleRaw($request = *uninitialized*, $type = *uninitialized*) /home/ubuntu/workspace/rockhill/vendor/symfony/symfony/src/Symfony/Component/HttpKernel/HttpKernel.php:62
[12-Apr-2016 17:15:27 UTC] PHP   6. call_user_func_array:{/home/ubuntu/workspace/rockhill/vendor/symfony/symfony/src/Symfony/Component/HttpKernel/HttpKernel.php:139}(*uninitialized*, *uninitialized*) /home/ubuntu/workspace/rockhill/vendor/symfony/symfony/src/Symfony/Component/HttpKernel/HttpKernel.php:139
[12-Apr-2016 17:15:27 UTC] PHP   7. CRH\WebBundle\Controller\PointsOfInterestController->newAction($request = *uninitialized*) /home/ubuntu/workspace/rockhill/vendor/symfony/symfony/src/Symfony/Component/HttpKernel/HttpKernel.php:139
[12-Apr-2016 17:15:27 UTC] PHP   8. Symfony\Component\Form\Form->createView($parent = *uninitialized*) /home/ubuntu/workspace/rockhill/src/CRH/WebBundle/Controller/PointsOfInterestController.php:58
[12-Apr-2016 17:15:27 UTC] PHP   9. Symfony\Component\Form\Form->createView($parent = *uninitialized*) /home/ubuntu/workspace/rockhill/vendor/symfony/symfony/src/Symfony/Component/Form/Form.php:1066
[12-Apr-2016 17:15:27 UTC] PHP  10. Symfony\Component\Form\Extension\DataCollector\Proxy\ResolvedTypeDataCollectorProxy->buildView($view = *uninitialized*, $form = *uninitialized*, $options = *uninitialized*) /home/ubuntu/workspace/rockhill/vendor/symfony/symfony/src/Symfony/Component/Form/Form.php:1063
[12-Apr-2016 17:15:27 UTC] PHP  11. Symfony\Component\Form\ResolvedFormType->buildView($view = *uninitialized*, $form = *uninitialized*, $options = *uninitialized*) /home/ubuntu/workspace/rockhill/vendor/symfony/symfony/src/Symfony/Component/Form/Extension/DataCollector/Proxy/ResolvedTypeDataCollectorProxy.php:120
[12-Apr-2016 17:15:27 UTC] PHP  12. Symfony\Component\Form\Extension\DataCollector\Proxy\ResolvedTypeDataCollectorProxy->buildView($view = *uninitialized*, $form = *uninitialized*, $options = *uninitialized*) /home/ubuntu/workspace/rockhill/vendor/symfony/symfony/src/Symfony/Component/Form/ResolvedFormType.php:206
[12-Apr-2016 17:15:27 UTC] PHP  13. Symfony\Component\Form\ResolvedFormType->buildView($view = *uninitialized*, $form = *uninitialized*, $options = *uninitialized*) /home/ubuntu/workspace/rockhill/vendor/symfony/symfony/src/Symfony/Component/Form/Extension/DataCollector/Proxy/ResolvedTypeDataCollectorProxy.php:120
[12-Apr-2016 17:15:27 UTC] PHP  14. Symfony\Component\Form\Extension\Core\Type\ChoiceType->buildView($view = *uninitialized*, $form = *uninitialized*, $options = *uninitialized*) /home/ubuntu/workspace/rockhill/vendor/symfony/symfony/src/Symfony/Component/Form/ResolvedFormType.php:209
[12-Apr-2016 17:15:27 UTC] PHP  15. Symfony\Component\Form\Extension\Core\Type\ChoiceType->createChoiceListView($choiceList = *uninitialized*, $options = *uninitialized*) /home/ubuntu/workspace/rockhill/vendor/symfony/symfony/src/Symfony/Component/Form/Extension/Core/Type/ChoiceType.php:175
[12-Apr-2016 17:15:27 UTC] PHP  16. Symfony\Component\Form\ChoiceList\Factory\CachingFactoryDecorator->createView($list = *uninitialized*, $preferredChoices = *uninitialized*, $label = *uninitialized*, $index = *uninitialized*, $groupBy = *uninitialized*, $attr = *uninitialized*) /home/ubuntu/workspace/rockhill/vendor/symfony/symfony/src/Symfony/Component/Form/Extension/Core/Type/ChoiceType.php:521
[12-Apr-2016 17:15:27 UTC] PHP  17. Symfony\Component\Form\ChoiceList\Factory\PropertyAccessDecorator->createView($list = *uninitialized*, $preferredChoices = *uninitialized*, $label = *uninitialized*, $index = *uninitialized*, $groupBy = *uninitialized*, $attr = *uninitialized*) /home/ubuntu/workspace/rockhill/vendor/symfony/symfony/src/Symfony/Component/Form/ChoiceList/Factory/CachingFactoryDecorator.php:198
[12-Apr-2016 17:15:27 UTC] PHP  18. Symfony\Component\Form\ChoiceList\Factory\DefaultChoiceListFactory->createView($list = *uninitialized*, $preferredChoices = *uninitialized*, $label = *uninitialized*, $index = *uninitialized*, $groupBy = *uninitialized*, $attr = *uninitialized*) /home/ubuntu/workspace/rockhill/vendor/symfony/symfony/src/Symfony/Component/Form/ChoiceList/Factory/PropertyAccessDecorator.php:232
[12-Apr-2016 17:15:27 UTC] PHP  19. Symfony\Component\Form\ChoiceList\Factory\DefaultChoiceListFactory::addChoiceViewsGroupedBy($groupBy = *uninitialized*, $label = *uninitialized*, $choices = *uninitialized*, $keys = *uninitialized*, $index = *uninitialized*, $attr = *uninitialized*, $isPreferred = *uninitialized*, $preferredViews = *uninitialized*, $otherViews = *uninitialized*) /home/ubuntu/workspace/rockhill/vendor/symfony/symfony/src/Symfony/Component/Form/ChoiceList/Factory/DefaultChoiceListFactory.php:131
[12-Apr-2016 17:15:27 UTC] PHP  20. Symfony\Component\Form\ChoiceList\Factory\DefaultChoiceListFactory::addChoiceView($choice = *uninitialized*, $value = *uninitialized*, $label = *uninitialized*, $keys = *uninitialized*, $index = *uninitialized*, $attr = *uninitialized*, $isPreferred = *uninitialized*, $preferredViews = *uninitialized*, $otherViews = *uninitialized*) /home/ubuntu/workspace/rockhill/vendor/symfony/symfony/src/Symfony/Component/Form/ChoiceList/Factory/DefaultChoiceListFactory.php:222
[12-Apr-2016 17:15:27 UTC] PHP  21. call_user_func:{/home/ubuntu/workspace/rockhill/vendor/symfony/symfony/src/Symfony/Component/Form/ChoiceList/Factory/DefaultChoiceListFactory.php:162}(*uninitialized*, *uninitialized*, *uninitialized*, *uninitialized*) /home/ubuntu/workspace/rockhill/vendor/symfony/symfony/src/Symfony/Component/Form/ChoiceList/Factory/DefaultChoiceListFactory.php:162
[12-Apr-2016 17:15:27 UTC] PHP  22. Symfony\Bridge\Doctrine\Form\Type\DoctrineType::createChoiceLabel($choice = *uninitialized*, *uninitialized*, *uninitialized*) /home/ubuntu/workspace/rockhill/vendor/symfony/symfony/src/Symfony/Component/Form/ChoiceList/Factory/DefaultChoiceListFactory.php:162
[12-Apr-2016 17:35:11 UTC] PHP Parse error:  syntax error, unexpected ';' in /home/ubuntu/workspace/rockhill/src/CRH/WebBundle/Controller/DefaultController.php on line 18
[12-Apr-2016 17:35:11 UTC] PHP Stack trace:
[12-Apr-2016 17:35:11 UTC] PHP   1. {main}() /home/ubuntu/workspace/rockhill/web/app_dev.php:0
[12-Apr-2016 17:35:11 UTC] PHP   2. Symfony\Component\HttpKernel\Kernel->handle() /home/ubuntu/workspace/rockhill/web/app_dev.php:30
[12-Apr-2016 17:35:11 UTC] PHP   3. Symfony\Component\HttpKernel\DependencyInjection\ContainerAwareHttpKernel->handle() /home/ubuntu/workspace/rockhill/vendor/symfony/symfony/src/Symfony/Component/HttpKernel/Kernel.php:185
[12-Apr-2016 17:35:11 UTC] PHP   4. Symfony\Component\HttpKernel\HttpKernel->handle() /home/ubuntu/workspace/rockhill/vendor/symfony/symfony/src/Symfony/Component/HttpKernel/DependencyInjection/ContainerAwareHttpKernel.php:69
[12-Apr-2016 17:35:11 UTC] PHP   5. Symfony\Component\HttpKernel\HttpKernel->handleRaw() /home/ubuntu/workspace/rockhill/vendor/symfony/symfony/src/Symfony/Component/HttpKernel/HttpKernel.php:62
[12-Apr-2016 17:35:11 UTC] PHP   6. Symfony\Component\EventDispatcher\Debug\TraceableEventDispatcher->dispatch() /home/ubuntu/workspace/rockhill/vendor/symfony/symfony/src/Symfony/Component/HttpKernel/HttpKernel.php:120
[12-Apr-2016 17:35:11 UTC] PHP   7. Symfony\Component\EventDispatcher\EventDispatcher->dispatch() /home/ubuntu/workspace/rockhill/vendor/symfony/symfony/src/Symfony/Component/EventDispatcher/Debug/TraceableEventDispatcher.php:132
[12-Apr-2016 17:35:11 UTC] PHP   8. Symfony\Component\EventDispatcher\EventDispatcher->doDispatch() /home/ubuntu/workspace/rockhill/app/cache/dev/classes.php:1771
[12-Apr-2016 17:35:11 UTC] PHP   9. call_user_func:{/home/ubuntu/workspace/rockhill/app/cache/dev/classes.php:1853}() /home/ubuntu/workspace/rockhill/app/cache/dev/classes.php:1853
[12-Apr-2016 17:35:11 UTC] PHP  10. Symfony\Component\EventDispatcher\Debug\WrappedListener->__invoke() /home/ubuntu/workspace/rockhill/app/cache/dev/classes.php:1853
[12-Apr-2016 17:35:11 UTC] PHP  11. call_user_func:{/home/ubuntu/workspace/rockhill/vendor/symfony/symfony/src/Symfony/Component/EventDispatcher/Debug/WrappedListener.php:61}() /home/ubuntu/workspace/rockhill/vendor/symfony/symfony/src/Symfony/Component/EventDispatcher/Debug/WrappedListener.php:61
[12-Apr-2016 17:35:11 UTC] PHP  12. Symfony\Component\HttpKernel\EventListener\RouterListener->onKernelRequest() /home/ubuntu/workspace/rockhill/vendor/symfony/symfony/src/Symfony/Component/EventDispatcher/Debug/WrappedListener.php:61
[12-Apr-2016 17:35:11 UTC] PHP  13. Symfony\Component\Routing\Router->matchRequest() /home/ubuntu/workspace/rockhill/app/cache/dev/classes.php:2084
[12-Apr-2016 17:35:11 UTC] PHP  14. Symfony\Component\Routing\Router->getMatcher() /home/ubuntu/workspace/rockhill/app/cache/dev/classes.php:1292
[12-Apr-2016 17:35:11 UTC] PHP  15. Symfony\Component\Config\ResourceCheckerConfigCacheFactory->cache() /home/ubuntu/workspace/rockhill/app/cache/dev/classes.php:1328
[12-Apr-2016 17:35:11 UTC] PHP  16. call_user_func:{/home/ubuntu/workspace/rockhill/vendor/symfony/symfony/src/Symfony/Component/Config/ResourceCheckerConfigCacheFactory.php:46}() /home/ubuntu/workspace/rockhill/vendor/symfony/symfony/src/Symfony/Component/Config/ResourceCheckerConfigCacheFactory.php:46
[12-Apr-2016 17:35:11 UTC] PHP  17. Symfony\Component\Routing\Router->Symfony\Component\Routing\{closure}() /home/ubuntu/workspace/rockhill/vendor/symfony/symfony/src/Symfony/Component/Config/ResourceCheckerConfigCacheFactory.php:46
[12-Apr-2016 17:35:11 UTC] PHP  18. Symfony\Component\Routing\Router->getMatcherDumperInstance() /home/ubuntu/workspace/rockhill/app/cache/dev/classes.php:1318
[12-Apr-2016 17:35:11 UTC] PHP  19. Symfony\Bundle\FrameworkBundle\Routing\Router->getRouteCollection() /home/ubuntu/workspace/rockhill/app/cache/dev/classes.php:1368
[12-Apr-2016 17:35:11 UTC] PHP  20. Symfony\Bundle\FrameworkBundle\Routing\DelegatingLoader->load() /home/ubuntu/workspace/rockhill/app/cache/dev/classes.php:1587
[12-Apr-2016 17:35:11 UTC] PHP  21. Symfony\Component\Config\Loader\DelegatingLoader->load() /home/ubuntu/workspace/rockhill/vendor/symfony/symfony/src/Symfony/Bundle/FrameworkBundle/Routing/DelegatingLoader.php:83
[12-Apr-2016 17:35:11 UTC] PHP  22. Symfony\Component\Routing\Loader\YamlFileLoader->load() /home/ubuntu/workspace/rockhill/vendor/symfony/symfony/src/Symfony/Component/Config/Loader/DelegatingLoader.php:45
[12-Apr-2016 17:35:11 UTC] PHP  23. Symfony\Component\Routing\Loader\YamlFileLoader->parseImport() /home/ubuntu/workspace/rockhill/vendor/symfony/symfony/src/Symfony/Component/Routing/Loader/YamlFileLoader.php:94
[12-Apr-2016 17:35:11 UTC] PHP  24. Symfony\Component\Config\Loader\FileLoader->import() /home/ubuntu/workspace/rockhill/vendor/symfony/symfony/src/Symfony/Component/Routing/Loader/YamlFileLoader.php:174
[12-Apr-2016 17:35:11 UTC] PHP  25. Symfony\Component\Routing\Loader\YamlFileLoader->load() /home/ubuntu/workspace/rockhill/vendor/symfony/symfony/src/Symfony/Component/Config/Loader/FileLoader.php:112
[12-Apr-2016 17:35:11 UTC] PHP  26. Symfony\Component\Routing\Loader\YamlFileLoader->parseImport() /home/ubuntu/workspace/rockhill/vendor/symfony/symfony/src/Symfony/Component/Routing/Loader/YamlFileLoader.php:94
[12-Apr-2016 17:35:11 UTC] PHP  27. Symfony\Component\Config\Loader\FileLoader->import() /home/ubuntu/workspace/rockhill/vendor/symfony/symfony/src/Symfony/Component/Routing/Loader/YamlFileLoader.php:174
[12-Apr-2016 17:35:11 UTC] PHP  28. Symfony\Component\Routing\Loader\AnnotationDirectoryLoader->load() /home/ubuntu/workspace/rockhill/vendor/symfony/symfony/src/Symfony/Component/Config/Loader/FileLoader.php:112
[12-Apr-2016 17:35:11 UTC] PHP  29. ReflectionClass->__construct() /home/ubuntu/workspace/rockhill/vendor/symfony/symfony/src/Symfony/Component/Routing/Loader/AnnotationDirectoryLoader.php:52
[12-Apr-2016 17:35:11 UTC] PHP  30. spl_autoload_call() /home/ubuntu/workspace/rockhill/vendor/symfony/symfony/src/Symfony/Component/Routing/Loader/AnnotationDirectoryLoader.php:52
[12-Apr-2016 17:35:11 UTC] PHP  31. Symfony\Component\Debug\DebugClassLoader->loadClass() /home/ubuntu/workspace/rockhill/vendor/symfony/symfony/src/Symfony/Component/Routing/Loader/AnnotationDirectoryLoader.php:52
[12-Apr-2016 17:35:53 UTC] PHP Parse error:  syntax error, unexpected ';' in /home/ubuntu/workspace/rockhill/src/CRH/WebBundle/Controller/DefaultController.php on line 18
[12-Apr-2016 17:35:53 UTC] PHP Stack trace:
[12-Apr-2016 17:35:53 UTC] PHP   1. {main}() /home/ubuntu/workspace/rockhill/web/app_dev.php:0
[12-Apr-2016 17:35:53 UTC] PHP   2. Symfony\Component\HttpKernel\Kernel->handle() /home/ubuntu/workspace/rockhill/web/app_dev.php:30
[12-Apr-2016 17:35:53 UTC] PHP   3. Symfony\Component\HttpKernel\DependencyInjection\ContainerAwareHttpKernel->handle() /home/ubuntu/workspace/rockhill/vendor/symfony/symfony/src/Symfony/Component/HttpKernel/Kernel.php:185
[12-Apr-2016 17:35:53 UTC] PHP   4. Symfony\Component\HttpKernel\HttpKernel->handle() /home/ubuntu/workspace/rockhill/vendor/symfony/symfony/src/Symfony/Component/HttpKernel/DependencyInjection/ContainerAwareHttpKernel.php:69
[12-Apr-2016 17:35:53 UTC] PHP   5. Symfony\Component\HttpKernel\HttpKernel->handleRaw() /home/ubuntu/workspace/rockhill/vendor/symfony/symfony/src/Symfony/Component/HttpKernel/HttpKernel.php:62
[12-Apr-2016 17:35:53 UTC] PHP   6. Symfony\Component\EventDispatcher\Debug\TraceableEventDispatcher->dispatch() /home/ubuntu/workspace/rockhill/vendor/symfony/symfony/src/Symfony/Component/HttpKernel/HttpKernel.php:120
[12-Apr-2016 17:35:53 UTC] PHP   7. Symfony\Component\EventDispatcher\EventDispatcher->dispatch() /home/ubuntu/workspace/rockhill/vendor/symfony/symfony/src/Symfony/Component/EventDispatcher/Debug/TraceableEventDispatcher.php:132
[12-Apr-2016 17:35:53 UTC] PHP   8. Symfony\Component\EventDispatcher\EventDispatcher->doDispatch() /home/ubuntu/workspace/rockhill/app/cache/dev/classes.php:1771
[12-Apr-2016 17:35:53 UTC] PHP   9. call_user_func:{/home/ubuntu/workspace/rockhill/app/cache/dev/classes.php:1853}() /home/ubuntu/workspace/rockhill/app/cache/dev/classes.php:1853
[12-Apr-2016 17:35:53 UTC] PHP  10. Symfony\Component\EventDispatcher\Debug\WrappedListener->__invoke() /home/ubuntu/workspace/rockhill/app/cache/dev/classes.php:1853
[12-Apr-2016 17:35:53 UTC] PHP  11. call_user_func:{/home/ubuntu/workspace/rockhill/vendor/symfony/symfony/src/Symfony/Component/EventDispatcher/Debug/WrappedListener.php:61}() /home/ubuntu/workspace/rockhill/vendor/symfony/symfony/src/Symfony/Component/EventDispatcher/Debug/WrappedListener.php:61
[12-Apr-2016 17:35:53 UTC] PHP  12. Symfony\Component\HttpKernel\EventListener\RouterListener->onKernelRequest() /home/ubuntu/workspace/rockhill/vendor/symfony/symfony/src/Symfony/Component/EventDispatcher/Debug/WrappedListener.php:61
[12-Apr-2016 17:35:53 UTC] PHP  13. Symfony\Component\Routing\Router->matchRequest() /home/ubuntu/workspace/rockhill/app/cache/dev/classes.php:2084
[12-Apr-2016 17:35:53 UTC] PHP  14. Symfony\Component\Routing\Router->getMatcher() /home/ubuntu/workspace/rockhill/app/cache/dev/classes.php:1292
[12-Apr-2016 17:35:53 UTC] PHP  15. Symfony\Component\Config\ResourceCheckerConfigCacheFactory->cache() /home/ubuntu/workspace/rockhill/app/cache/dev/classes.php:1328
[12-Apr-2016 17:35:53 UTC] PHP  16. call_user_func:{/home/ubuntu/workspace/rockhill/vendor/symfony/symfony/src/Symfony/Component/Config/ResourceCheckerConfigCacheFactory.php:46}() /home/ubuntu/workspace/rockhill/vendor/symfony/symfony/src/Symfony/Component/Config/ResourceCheckerConfigCacheFactory.php:46
[12-Apr-2016 17:35:53 UTC] PHP  17. Symfony\Component\Routing\Router->Symfony\Component\Routing\{closure}() /home/ubuntu/workspace/rockhill/vendor/symfony/symfony/src/Symfony/Component/Config/ResourceCheckerConfigCacheFactory.php:46
[12-Apr-2016 17:35:53 UTC] PHP  18. Symfony\Component\Routing\Router->getMatcherDumperInstance() /home/ubuntu/workspace/rockhill/app/cache/dev/classes.php:1318
[12-Apr-2016 17:35:53 UTC] PHP  19. Symfony\Bundle\FrameworkBundle\Routing\Router->getRouteCollection() /home/ubuntu/workspace/rockhill/app/cache/dev/classes.php:1368
[12-Apr-2016 17:35:53 UTC] PHP  20. Symfony\Bundle\FrameworkBundle\Routing\DelegatingLoader->load() /home/ubuntu/workspace/rockhill/app/cache/dev/classes.php:1587
[12-Apr-2016 17:35:53 UTC] PHP  21. Symfony\Component\Config\Loader\DelegatingLoader->load() /home/ubuntu/workspace/rockhill/vendor/symfony/symfony/src/Symfony/Bundle/FrameworkBundle/Routing/DelegatingLoader.php:83
[12-Apr-2016 17:35:53 UTC] PHP  22. Symfony\Component\Routing\Loader\YamlFileLoader->load() /home/ubuntu/workspace/rockhill/vendor/symfony/symfony/src/Symfony/Component/Config/Loader/DelegatingLoader.php:45
[12-Apr-2016 17:35:53 UTC] PHP  23. Symfony\Component\Routing\Loader\YamlFileLoader->parseImport() /home/ubuntu/workspace/rockhill/vendor/symfony/symfony/src/Symfony/Component/Routing/Loader/YamlFileLoader.php:94
[12-Apr-2016 17:35:53 UTC] PHP  24. Symfony\Component\Config\Loader\FileLoader->import() /home/ubuntu/workspace/rockhill/vendor/symfony/symfony/src/Symfony/Component/Routing/Loader/YamlFileLoader.php:174
[12-Apr-2016 17:35:53 UTC] PHP  25. Symfony\Component\Routing\Loader\YamlFileLoader->load() /home/ubuntu/workspace/rockhill/vendor/symfony/symfony/src/Symfony/Component/Config/Loader/FileLoader.php:112
[12-Apr-2016 17:35:53 UTC] PHP  26. Symfony\Component\Routing\Loader\YamlFileLoader->parseImport() /home/ubuntu/workspace/rockhill/vendor/symfony/symfony/src/Symfony/Component/Routing/Loader/YamlFileLoader.php:94
[12-Apr-2016 17:35:53 UTC] PHP  27. Symfony\Component\Config\Loader\FileLoader->import() /home/ubuntu/workspace/rockhill/vendor/symfony/symfony/src/Symfony/Component/Routing/Loader/YamlFileLoader.php:174
[12-Apr-2016 17:35:53 UTC] PHP  28. Symfony\Component\Routing\Loader\AnnotationDirectoryLoader->load() /home/ubuntu/workspace/rockhill/vendor/symfony/symfony/src/Symfony/Component/Config/Loader/FileLoader.php:112
[12-Apr-2016 17:35:53 UTC] PHP  29. ReflectionClass->__construct() /home/ubuntu/workspace/rockhill/vendor/symfony/symfony/src/Symfony/Component/Routing/Loader/AnnotationDirectoryLoader.php:52
[12-Apr-2016 17:35:53 UTC] PHP  30. spl_autoload_call() /home/ubuntu/workspace/rockhill/vendor/symfony/symfony/src/Symfony/Component/Routing/Loader/AnnotationDirectoryLoader.php:52
[12-Apr-2016 17:35:53 UTC] PHP  31. Symfony\Component\Debug\DebugClassLoader->loadClass() /home/ubuntu/workspace/rockhill/vendor/symfony/symfony/src/Symfony/Component/Routing/Loader/AnnotationDirectoryLoader.php:52
[12-Apr-2016 17:51:35 UTC] PHP Fatal error:  Call to undefined method CRH\WebBundle\Entity\Trail::isTrailOfMonth() in /home/ubuntu/workspace/rockhill/src/CRH/WebBundle/Controller/TrailController.php on line 51
[12-Apr-2016 17:51:35 UTC] PHP Stack trace:
[12-Apr-2016 17:51:35 UTC] PHP   1. {main}() /home/ubuntu/workspace/rockhill/web/app_dev.php:0
[12-Apr-2016 17:51:35 UTC] PHP   2. Symfony\Component\HttpKernel\Kernel->handle() /home/ubuntu/workspace/rockhill/web/app_dev.php:30
[12-Apr-2016 17:51:35 UTC] PHP   3. Symfony\Component\HttpKernel\DependencyInjection\ContainerAwareHttpKernel->handle() /home/ubuntu/workspace/rockhill/vendor/symfony/symfony/src/Symfony/Component/HttpKernel/Kernel.php:185
[12-Apr-2016 17:51:35 UTC] PHP   4. Symfony\Component\HttpKernel\HttpKernel->handle() /home/ubuntu/workspace/rockhill/vendor/symfony/symfony/src/Symfony/Component/HttpKernel/DependencyInjection/ContainerAwareHttpKernel.php:69
[12-Apr-2016 17:51:35 UTC] PHP   5. Symfony\Component\HttpKernel\HttpKernel->handleRaw() /home/ubuntu/workspace/rockhill/vendor/symfony/symfony/src/Symfony/Component/HttpKernel/HttpKernel.php:62
[12-Apr-2016 17:51:35 UTC] PHP   6. call_user_func_array:{/home/ubuntu/workspace/rockhill/vendor/symfony/symfony/src/Symfony/Component/HttpKernel/HttpKernel.php:139}() /home/ubuntu/workspace/rockhill/vendor/symfony/symfony/src/Symfony/Component/HttpKernel/HttpKernel.php:139
[12-Apr-2016 17:51:35 UTC] PHP   7. CRH\WebBundle\Controller\TrailController->newAction() /home/ubuntu/workspace/rockhill/vendor/symfony/symfony/src/Symfony/Component/HttpKernel/HttpKernel.php:139
[12-Apr-2016 17:53:17 UTC] PHP Warning:  Unexpected character in input:  '' (ASCII=1) state=0 in /home/ubuntu/workspace/rockhill/src/CRH/WebBundle/Entity/Trail.php on line 433
[12-Apr-2016 17:53:17 UTC] PHP Stack trace:
[12-Apr-2016 17:53:17 UTC] PHP   1. {main}() /home/ubuntu/workspace/rockhill/web/app_dev.php:0
[12-Apr-2016 17:53:17 UTC] PHP   2. Symfony\Component\HttpKernel\Kernel->handle() /home/ubuntu/workspace/rockhill/web/app_dev.php:30
[12-Apr-2016 17:53:17 UTC] PHP   3. Symfony\Component\HttpKernel\DependencyInjection\ContainerAwareHttpKernel->handle() /home/ubuntu/workspace/rockhill/vendor/symfony/symfony/src/Symfony/Component/HttpKernel/Kernel.php:185
[12-Apr-2016 17:53:17 UTC] PHP   4. Symfony\Component\HttpKernel\HttpKernel->handle() /home/ubuntu/workspace/rockhill/vendor/symfony/symfony/src/Symfony/Component/HttpKernel/DependencyInjection/ContainerAwareHttpKernel.php:69
[12-Apr-2016 17:53:17 UTC] PHP   5. Symfony\Component\HttpKernel\HttpKernel->handleRaw() /home/ubuntu/workspace/rockhill/vendor/symfony/symfony/src/Symfony/Component/HttpKernel/HttpKernel.php:62
[12-Apr-2016 17:53:17 UTC] PHP   6. call_user_func_array:{/home/ubuntu/workspace/rockhill/vendor/symfony/symfony/src/Symfony/Component/HttpKernel/HttpKernel.php:139}() /home/ubuntu/workspace/rockhill/vendor/symfony/symfony/src/Symfony/Component/HttpKernel/HttpKernel.php:139
[12-Apr-2016 17:53:17 UTC] PHP   7. CRH\WebBundle\Controller\TrailController->newAction() /home/ubuntu/workspace/rockhill/vendor/symfony/symfony/src/Symfony/Component/HttpKernel/HttpKernel.php:139
[12-Apr-2016 17:53:17 UTC] PHP   8. spl_autoload_call() /home/ubuntu/workspace/rockhill/vendor/symfony/symfony/src/Symfony/Component/HttpKernel/HttpKernel.php:44
[12-Apr-2016 17:53:17 UTC] PHP   9. Symfony\Component\Debug\DebugClassLoader->loadClass() /home/ubuntu/workspace/rockhill/vendor/symfony/symfony/src/Symfony/Component/HttpKernel/HttpKernel.php:44
[12-Apr-2016 18:13:22 UTC] PHP Fatal error:  Call to undefined function CRH\WebBundle\Repository\setMaxResults() in /home/ubuntu/workspace/rockhill/src/CRH/WebBundle/Repository/EventRepository.php on line 19
[12-Apr-2016 18:13:22 UTC] PHP Stack trace:
[12-Apr-2016 18:13:22 UTC] PHP   1. {main}() /home/ubuntu/workspace/rockhill/web/app_dev.php:0
[12-Apr-2016 18:13:22 UTC] PHP   2. Symfony\Component\HttpKernel\Kernel->handle() /home/ubuntu/workspace/rockhill/web/app_dev.php:30
[12-Apr-2016 18:13:22 UTC] PHP   3. Symfony\Component\HttpKernel\DependencyInjection\ContainerAwareHttpKernel->handle() /home/ubuntu/workspace/rockhill/vendor/symfony/symfony/src/Symfony/Component/HttpKernel/Kernel.php:185
[12-Apr-2016 18:13:22 UTC] PHP   4. Symfony\Component\HttpKernel\HttpKernel->handle() /home/ubuntu/workspace/rockhill/vendor/symfony/symfony/src/Symfony/Component/HttpKernel/DependencyInjection/ContainerAwareHttpKernel.php:69
[12-Apr-2016 18:13:22 UTC] PHP   5. Symfony\Component\HttpKernel\HttpKernel->handleRaw() /home/ubuntu/workspace/rockhill/vendor/symfony/symfony/src/Symfony/Component/HttpKernel/HttpKernel.php:62
[12-Apr-2016 18:13:22 UTC] PHP   6. call_user_func_array:{/home/ubuntu/workspace/rockhill/vendor/symfony/symfony/src/Symfony/Component/HttpKernel/HttpKernel.php:139}() /home/ubuntu/workspace/rockhill/vendor/symfony/symfony/src/Symfony/Component/HttpKernel/HttpKernel.php:139
[12-Apr-2016 18:13:22 UTC] PHP   7. CRH\WebBundle\Controller\DefaultController->indexAction() /home/ubuntu/workspace/rockhill/vendor/symfony/symfony/src/Symfony/Component/HttpKernel/HttpKernel.php:139
[12-Apr-2016 18:13:22 UTC] PHP   8. CRH\WebBundle\Repository\EventRepository->getUpcomingEvents() /home/ubuntu/workspace/rockhill/src/CRH/WebBundle/Controller/DefaultController.php:20
[12-Apr-2016 18:27:33 UTC] PHP Fatal error:  Class 'CRH\WebBundle\Repository\WellnessTipRepository' not found in /home/ubuntu/workspace/rockhill/vendor/doctrine/orm/lib/Doctrine/ORM/Repository/DefaultRepositoryFactory.php on line 75
[12-Apr-2016 18:27:33 UTC] PHP Stack trace:
[12-Apr-2016 18:27:33 UTC] PHP   1. {main}() /home/ubuntu/workspace/rockhill/web/app_dev.php:0
[12-Apr-2016 18:27:33 UTC] PHP   2. Symfony\Component\HttpKernel\Kernel->handle() /home/ubuntu/workspace/rockhill/web/app_dev.php:30
[12-Apr-2016 18:27:33 UTC] PHP   3. Symfony\Component\HttpKernel\DependencyInjection\ContainerAwareHttpKernel->handle() /home/ubuntu/workspace/rockhill/vendor/symfony/symfony/src/Symfony/Component/HttpKernel/Kernel.php:185
[12-Apr-2016 18:27:33 UTC] PHP   4. Symfony\Component\HttpKernel\HttpKernel->handle() /home/ubuntu/workspace/rockhill/vendor/symfony/symfony/src/Symfony/Component/HttpKernel/DependencyInjection/ContainerAwareHttpKernel.php:69
[12-Apr-2016 18:27:33 UTC] PHP   5. Symfony\Component\HttpKernel\HttpKernel->handleRaw() /home/ubuntu/workspace/rockhill/vendor/symfony/symfony/src/Symfony/Component/HttpKernel/HttpKernel.php:62
[12-Apr-2016 18:27:33 UTC] PHP   6. call_user_func_array:{/home/ubuntu/workspace/rockhill/vendor/symfony/symfony/src/Symfony/Component/HttpKernel/HttpKernel.php:139}() /home/ubuntu/workspace/rockhill/vendor/symfony/symfony/src/Symfony/Component/HttpKernel/HttpKernel.php:139
[12-Apr-2016 18:27:33 UTC] PHP   7. CRH\WebBundle\Controller\WellnessTipController->indexAction() /home/ubuntu/workspace/rockhill/vendor/symfony/symfony/src/Symfony/Component/HttpKernel/HttpKernel.php:139
[12-Apr-2016 18:27:33 UTC] PHP   8. Doctrine\ORM\EntityManager->getRepository() /home/ubuntu/workspace/rockhill/src/CRH/WebBundle/Controller/WellnessTipController.php:29
[12-Apr-2016 18:27:33 UTC] PHP   9. Doctrine\ORM\Repository\DefaultRepositoryFactory->getRepository() /home/ubuntu/workspace/rockhill/vendor/doctrine/orm/lib/Doctrine/ORM/EntityManager.php:665
[12-Apr-2016 18:27:33 UTC] PHP  10. Doctrine\ORM\Repository\DefaultRepositoryFactory->createRepository() /home/ubuntu/workspace/rockhill/vendor/doctrine/orm/lib/Doctrine/ORM/Repository/DefaultRepositoryFactory.php:50
[12-Apr-2016 18:27:41 UTC] PHP Fatal error:  Class 'CRH\WebBundle\Repository\WellnessTipRepository' not found in /home/ubuntu/workspace/rockhill/vendor/doctrine/orm/lib/Doctrine/ORM/Repository/DefaultRepositoryFactory.php on line 75
[12-Apr-2016 18:27:41 UTC] PHP Stack trace:
[12-Apr-2016 18:27:41 UTC] PHP   1. {main}() /home/ubuntu/workspace/rockhill/web/app_dev.php:0
[12-Apr-2016 18:27:41 UTC] PHP   2. Symfony\Component\HttpKernel\Kernel->handle() /home/ubuntu/workspace/rockhill/web/app_dev.php:30
[12-Apr-2016 18:27:41 UTC] PHP   3. Symfony\Component\HttpKernel\DependencyInjection\ContainerAwareHttpKernel->handle() /home/ubuntu/workspace/rockhill/vendor/symfony/symfony/src/Symfony/Component/HttpKernel/Kernel.php:185
[12-Apr-2016 18:27:41 UTC] PHP   4. Symfony\Component\HttpKernel\HttpKernel->handle() /home/ubuntu/workspace/rockhill/vendor/symfony/symfony/src/Symfony/Component/HttpKernel/DependencyInjection/ContainerAwareHttpKernel.php:69
[12-Apr-2016 18:27:41 UTC] PHP   5. Symfony\Component\HttpKernel\HttpKernel->handleRaw() /home/ubuntu/workspace/rockhill/vendor/symfony/symfony/src/Symfony/Component/HttpKernel/HttpKernel.php:62
[12-Apr-2016 18:27:41 UTC] PHP   6. call_user_func_array:{/home/ubuntu/workspace/rockhill/vendor/symfony/symfony/src/Symfony/Component/HttpKernel/HttpKernel.php:139}() /home/ubuntu/workspace/rockhill/vendor/symfony/symfony/src/Symfony/Component/HttpKernel/HttpKernel.php:139
[12-Apr-2016 18:27:41 UTC] PHP   7. CRH\WebBundle\Controller\WellnessTipController->indexAction() /home/ubuntu/workspace/rockhill/vendor/symfony/symfony/src/Symfony/Component/HttpKernel/HttpKernel.php:139
[12-Apr-2016 18:27:41 UTC] PHP   8. Doctrine\ORM\EntityManager->getRepository() /home/ubuntu/workspace/rockhill/src/CRH/WebBundle/Controller/WellnessTipController.php:29
[12-Apr-2016 18:27:41 UTC] PHP   9. Doctrine\ORM\Repository\DefaultRepositoryFactory->getRepository() /home/ubuntu/workspace/rockhill/vendor/doctrine/orm/lib/Doctrine/ORM/EntityManager.php:665
[12-Apr-2016 18:27:41 UTC] PHP  10. Doctrine\ORM\Repository\DefaultRepositoryFactory->createRepository() /home/ubuntu/workspace/rockhill/vendor/doctrine/orm/lib/Doctrine/ORM/Repository/DefaultRepositoryFactory.php:50
[12-Apr-2016 18:27:44 UTC] PHP Fatal error:  Class 'CRH\WebBundle\Repository\WellnessTipRepository' not found in /home/ubuntu/workspace/rockhill/vendor/doctrine/orm/lib/Doctrine/ORM/Repository/DefaultRepositoryFactory.php on line 75
[12-Apr-2016 18:27:44 UTC] PHP Stack trace:
[12-Apr-2016 18:27:44 UTC] PHP   1. {main}() /home/ubuntu/workspace/rockhill/web/app_dev.php:0
[12-Apr-2016 18:27:44 UTC] PHP   2. Symfony\Component\HttpKernel\Kernel->handle() /home/ubuntu/workspace/rockhill/web/app_dev.php:30
[12-Apr-2016 18:27:44 UTC] PHP   3. Symfony\Component\HttpKernel\DependencyInjection\ContainerAwareHttpKernel->handle() /home/ubuntu/workspace/rockhill/vendor/symfony/symfony/src/Symfony/Component/HttpKernel/Kernel.php:185
[12-Apr-2016 18:27:44 UTC] PHP   4. Symfony\Component\HttpKernel\HttpKernel->handle() /home/ubuntu/workspace/rockhill/vendor/symfony/symfony/src/Symfony/Component/HttpKernel/DependencyInjection/ContainerAwareHttpKernel.php:69
[12-Apr-2016 18:27:44 UTC] PHP   5. Symfony\Component\HttpKernel\HttpKernel->handleRaw() /home/ubuntu/workspace/rockhill/vendor/symfony/symfony/src/Symfony/Component/HttpKernel/HttpKernel.php:62
[12-Apr-2016 18:27:44 UTC] PHP   6. call_user_func_array:{/home/ubuntu/workspace/rockhill/vendor/symfony/symfony/src/Symfony/Component/HttpKernel/HttpKernel.php:139}() /home/ubuntu/workspace/rockhill/vendor/symfony/symfony/src/Symfony/Component/HttpKernel/HttpKernel.php:139
[12-Apr-2016 18:27:44 UTC] PHP   7. CRH\WebBundle\Controller\WellnessTipController->indexAction() /home/ubuntu/workspace/rockhill/vendor/symfony/symfony/src/Symfony/Component/HttpKernel/HttpKernel.php:139
[12-Apr-2016 18:27:44 UTC] PHP   8. Doctrine\ORM\EntityManager->getRepository() /home/ubuntu/workspace/rockhill/src/CRH/WebBundle/Controller/WellnessTipController.php:29
[12-Apr-2016 18:27:44 UTC] PHP   9. Doctrine\ORM\Repository\DefaultRepositoryFactory->getRepository() /home/ubuntu/workspace/rockhill/vendor/doctrine/orm/lib/Doctrine/ORM/EntityManager.php:665
[12-Apr-2016 18:27:44 UTC] PHP  10. Doctrine\ORM\Repository\DefaultRepositoryFactory->createRepository() /home/ubuntu/workspace/rockhill/vendor/doctrine/orm/lib/Doctrine/ORM/Repository/DefaultRepositoryFactory.php:50
[13-Apr-2016 18:58:12 UTC] PHP Fatal error:  Call to undefined method Doctrine\ORM\NativeQuery::getResults() in /home/ubuntu/workspace/rockhill/src/CRH/WebBundle/Repository/CommentRepository.php on line 29
[13-Apr-2016 18:58:12 UTC] PHP Stack trace:
[13-Apr-2016 18:58:12 UTC] PHP   1. {main}() /home/ubuntu/workspace/rockhill/web/app_dev.php:0
[13-Apr-2016 18:58:12 UTC] PHP   2. Symfony\Component\HttpKernel\Kernel->handle($request = *uninitialized*, $type = *uninitialized*, $catch = *uninitialized*) /home/ubuntu/workspace/rockhill/web/app_dev.php:30
[13-Apr-2016 18:58:12 UTC] PHP   3. Symfony\Component\HttpKernel\DependencyInjection\ContainerAwareHttpKernel->handle($request = *uninitialized*, $type = *uninitialized*, $catch = *uninitialized*) /home/ubuntu/workspace/rockhill/vendor/symfony/symfony/src/Symfony/Component/HttpKernel/Kernel.php:185
[13-Apr-2016 18:58:12 UTC] PHP   4. Symfony\Component\HttpKernel\HttpKernel->handle($request = *uninitialized*, $type = *uninitialized*, $catch = *uninitialized*) /home/ubuntu/workspace/rockhill/vendor/symfony/symfony/src/Symfony/Component/HttpKernel/DependencyInjection/ContainerAwareHttpKernel.php:69
[13-Apr-2016 18:58:12 UTC] PHP   5. Symfony\Component\HttpKernel\HttpKernel->handleRaw($request = *uninitialized*, $type = *uninitialized*) /home/ubuntu/workspace/rockhill/vendor/symfony/symfony/src/Symfony/Component/HttpKernel/HttpKernel.php:62
[13-Apr-2016 18:58:12 UTC] PHP   6. call_user_func_array:{/home/ubuntu/workspace/rockhill/vendor/symfony/symfony/src/Symfony/Component/HttpKernel/HttpKernel.php:139}(*uninitialized*, *uninitialized*) /home/ubuntu/workspace/rockhill/vendor/symfony/symfony/src/Symfony/Component/HttpKernel/HttpKernel.php:139
[13-Apr-2016 18:58:12 UTC] PHP   7. CRH\WebBundle\Controller\DefaultController->indexAction() /home/ubuntu/workspace/rockhill/vendor/symfony/symfony/src/Symfony/Component/HttpKernel/HttpKernel.php:139
[13-Apr-2016 18:58:12 UTC] PHP   8. CRH\WebBundle\Repository\CommentRepository->getRandomComment($limit = *uninitialized*) /home/ubuntu/workspace/rockhill/src/CRH/WebBundle/Controller/DefaultController.php:22
[14-Apr-2016 18:50:26 UTC] PHP Parse error:  syntax error, unexpected 'return' (T_RETURN) in /home/ubuntu/workspace/rockhill/src/CRH/WebBundle/Entity/Trail.php on line 233
[14-Apr-2016 18:50:26 UTC] PHP Stack trace:
[14-Apr-2016 18:50:26 UTC] PHP   1. {main}() /home/ubuntu/workspace/rockhill/web/app_dev.php:0
[14-Apr-2016 18:50:26 UTC] PHP   2. Symfony\Component\HttpKernel\Kernel->handle($request = *uninitialized*, $type = *uninitialized*, $catch = *uninitialized*) /home/ubuntu/workspace/rockhill/web/app_dev.php:30
[14-Apr-2016 18:50:26 UTC] PHP   3. Symfony\Component\HttpKernel\DependencyInjection\ContainerAwareHttpKernel->handle($request = *uninitialized*, $type = *uninitialized*, $catch = *uninitialized*) /home/ubuntu/workspace/rockhill/vendor/symfony/symfony/src/Symfony/Component/HttpKernel/Kernel.php:185
[14-Apr-2016 18:50:26 UTC] PHP   4. Symfony\Component\HttpKernel\HttpKernel->handle($request = *uninitialized*, $type = *uninitialized*, $catch = *uninitialized*) /home/ubuntu/workspace/rockhill/vendor/symfony/symfony/src/Symfony/Component/HttpKernel/DependencyInjection/ContainerAwareHttpKernel.php:69
[14-Apr-2016 18:50:26 UTC] PHP   5. Symfony\Component\HttpKernel\HttpKernel->handleRaw($request = *uninitialized*, $type = *uninitialized*) /home/ubuntu/workspace/rockhill/vendor/symfony/symfony/src/Symfony/Component/HttpKernel/HttpKernel.php:62
[14-Apr-2016 18:50:26 UTC] PHP   6. Symfony\Component\EventDispatcher\Debug\TraceableEventDispatcher->dispatch($eventName = *uninitialized*, $event = *uninitialized*) /home/ubuntu/workspace/rockhill/vendor/symfony/symfony/src/Symfony/Component/HttpKernel/HttpKernel.php:132
[14-Apr-2016 18:50:26 UTC] PHP   7. Symfony\Component\EventDispatcher\EventDispatcher->dispatch($eventName = *uninitialized*, $event = *uninitialized*) /home/ubuntu/workspace/rockhill/vendor/symfony/symfony/src/Symfony/Component/EventDispatcher/Debug/TraceableEventDispatcher.php:132
[14-Apr-2016 18:50:26 UTC] PHP   8. Symfony\Component\EventDispatcher\EventDispatcher->doDispatch($listeners = *uninitialized*, $eventName = *uninitialized*, $event = *uninitialized*) /home/ubuntu/workspace/rockhill/app/cache/dev/classes.php:1771
[14-Apr-2016 18:50:26 UTC] PHP   9. call_user_func:{/home/ubuntu/workspace/rockhill/app/cache/dev/classes.php:1853}(*uninitialized*, *uninitialized*, *uninitialized*, *uninitialized*) /home/ubuntu/workspace/rockhill/app/cache/dev/classes.php:1853
[14-Apr-2016 18:50:26 UTC] PHP  10. Symfony\Component\EventDispatcher\Debug\WrappedListener->__invoke($event = *uninitialized*, $eventName = *uninitialized*, $dispatcher = *uninitialized*) /home/ubuntu/workspace/rockhill/app/cache/dev/classes.php:1853
[14-Apr-2016 18:50:26 UTC] PHP  11. call_user_func:{/home/ubuntu/workspace/rockhill/vendor/symfony/symfony/src/Symfony/Component/EventDispatcher/Debug/WrappedListener.php:61}(*uninitialized*, *uninitialized*, *uninitialized*, *uninitialized*) /home/ubuntu/workspace/rockhill/vendor/symfony/symfony/src/Symfony/Component/EventDispatcher/Debug/WrappedListener.php:61
[14-Apr-2016 18:50:26 UTC] PHP  12. Sensio\Bundle\FrameworkExtraBundle\EventListener\ParamConverterListener->onKernelController($event = *uninitialized*, *uninitialized*, *uninitialized*) /home/ubuntu/workspace/rockhill/vendor/symfony/symfony/src/Symfony/Component/EventDispatcher/Debug/WrappedListener.php:61
[14-Apr-2016 18:50:26 UTC] PHP  13. Sensio\Bundle\FrameworkExtraBundle\EventListener\ParamConverterListener->autoConfigure($r = *uninitialized*, $request = *uninitialized*, $configurations = *uninitialized*) /home/ubuntu/workspace/rockhill/app/cache/dev/classes.php:6907
[14-Apr-2016 18:50:26 UTC] PHP  14. ReflectionParameter->getClass() /home/ubuntu/workspace/rockhill/app/cache/dev/classes.php:6914
[14-Apr-2016 18:50:26 UTC] PHP  15. spl_autoload_call(*uninitialized*) /home/ubuntu/workspace/rockhill/app/cache/dev/classes.php:6914
[14-Apr-2016 18:50:26 UTC] PHP  16. Symfony\Component\Debug\DebugClassLoader->loadClass($class = *uninitialized*) /home/ubuntu/workspace/rockhill/app/cache/dev/classes.php:6914
